Run        : gat_hybrid
Graph      : gene_graph_hybrid.npz
Date       : Wed May  6 01:15:52 PM CEST 2026
Host       : gnode03
NVIDIA A100 80GB PCIe, 81920 MiB
NVIDIA A100 80GB PCIe, 81920 MiB
NVIDIA A100 80GB PCIe, 81920 MiB
NVIDIA A100 80GB PCIe, 81920 MiB
Device: cuda
Aligned: 1673 cell lines × 2000 genes  (graph=gene_graph_hybrid.npz)
  fold 0  ep   1  loss 0.5491  val_loss 0.9597  val_auc 0.7169  val_f1 0.7398  lr 1.00e-03 *
  fold 0  ep   2  loss 0.5417  val_loss 0.9531  val_auc 0.7594  val_f1 0.7398  lr 1.00e-03 *
  fold 0  ep   5  loss 0.5139  val_loss 0.7551  val_auc 0.7663  val_f1 0.7398  lr 1.00e-03 *
  fold 0  ep  18  loss 0.4992  val_loss 0.6745  val_auc 0.7723  val_f1 0.7500  lr 5.00e-04 *
  fold 0  ep  20  loss 0.4970  val_loss 0.5977  val_auc 0.7762  val_f1 0.7782  lr 5.00e-04 *
  fold 0  ep  28  loss 0.4971  val_loss 0.5679  val_auc 0.7771  val_f1 0.7773  lr 5.00e-04 *
  fold 0  ep  40  loss 0.4905  val_loss 0.6061  val_auc 0.7658  val_f1 0.7708  lr 2.50e-04
  fold 0  early stop at epoch 58  (best val_auc=0.7771)
fold 0  test  AUC=0.7724  PR-AUC=0.8182  F1=0.7714  Acc=0.7134
  fold 1  ep   1  loss 0.5525  val_loss 0.6465  val_auc 0.7349  val_f1 0.5714  lr 1.00e-03 *
  fold 1  ep   4  loss 0.5127  val_loss 0.6477  val_auc 0.7364  val_f1 0.7461  lr 1.00e-03 *
  fold 1  ep   6  loss 0.5129  val_loss 0.5911  val_auc 0.7393  val_f1 0.7732  lr 1.00e-03 *
  fold 1  ep   8  loss 0.5109  val_loss 0.5880  val_auc 0.7578  val_f1 0.8116  lr 1.00e-03 *
  fold 1  ep  20  loss 0.4984  val_loss 0.5954  val_auc 0.7403  val_f1 0.7857  lr 5.00e-04
  fold 1  early stop at epoch 38  (best val_auc=0.7578)
fold 1  test  AUC=0.7524  PR-AUC=0.7896  F1=0.7633  Acc=0.6687
  fold 2  ep   1  loss 0.5486  val_loss 0.7556  val_auc 0.7375  val_f1 0.7461  lr 1.00e-03 *
  fold 2  ep   3  loss 0.5171  val_loss 0.6088  val_auc 0.7613  val_f1 0.7566  lr 1.00e-03 *
  fold 2  ep   4  loss 0.5278  val_loss 0.7920  val_auc 0.7640  val_f1 0.3333  lr 1.00e-03 *
  fold 2  ep   6  loss 0.5108  val_loss 0.5705  val_auc 0.7672  val_f1 0.7529  lr 1.00e-03 *
  fold 2  ep  12  loss 0.4973  val_loss 0.6860  val_auc 0.7754  val_f1 0.7445  lr 1.00e-03 *
  fold 2  ep  17  loss 0.4949  val_loss 0.6120  val_auc 0.7773  val_f1 0.7770  lr 1.00e-03 *
  fold 2  ep  20  loss 0.4904  val_loss 0.5719  val_auc 0.7693  val_f1 0.7328  lr 1.00e-03
  fold 2  ep  38  loss 0.4914  val_loss 0.7346  val_auc 0.7791  val_f1 0.7421  lr 5.00e-04 *
  fold 2  ep  40  loss 0.4836  val_loss 0.5943  val_auc 0.7780  val_f1 0.7820  lr 5.00e-04
  fold 2  ep  60  loss 0.4739  val_loss 0.6101  val_auc 0.7755  val_f1 0.7766  lr 2.50e-04
  fold 2  early stop at epoch 68  (best val_auc=0.7791)
fold 2  test  AUC=0.7010  PR-AUC=0.7564  F1=0.7434  Acc=0.5940
  fold 3  ep   1  loss 0.5439  val_loss 0.7350  val_auc 0.6712  val_f1 0.7358  lr 1.00e-03 *
  fold 3  ep   2  loss 0.5184  val_loss 0.6967  val_auc 0.6809  val_f1 0.5561  lr 1.00e-03 *
  fold 3  ep   5  loss 0.5138  val_loss 0.6864  val_auc 0.6889  val_f1 0.7342  lr 1.00e-03 *
  fold 3  ep   6  loss 0.5099  val_loss 0.7942  val_auc 0.6935  val_f1 0.7398  lr 1.00e-03 *
  fold 3  ep   8  loss 0.5075  val_loss 0.6709  val_auc 0.6972  val_f1 0.7342  lr 1.00e-03 *
  fold 3  ep  10  loss 0.4986  val_loss 0.6243  val_auc 0.6981  val_f1 0.7143  lr 1.00e-03 *
  fold 3  ep  11  loss 0.5042  val_loss 0.8661  val_auc 0.7091  val_f1 0.7398  lr 1.00e-03 *
  fold 3  ep  17  loss 0.5013  val_loss 0.7738  val_auc 0.7155  val_f1 0.7398  lr 1.00e-03 *
  fold 3  ep  20  loss 0.5074  val_loss 0.6515  val_auc 0.7036  val_f1 0.5543  lr 1.00e-03
  fold 3  ep  22  loss 0.5014  val_loss 0.6461  val_auc 0.7168  val_f1 0.6231  lr 1.00e-03 *
  fold 3  ep  30  loss 0.5042  val_loss 0.8328  val_auc 0.7202  val_f1 0.7398  lr 1.00e-03 *
  fold 3  ep  40  loss 0.5074  val_loss 0.6092  val_auc 0.7158  val_f1 0.7419  lr 1.00e-03
  fold 3  ep  43  loss 0.4978  val_loss 0.6323  val_auc 0.7214  val_f1 0.7918  lr 5.00e-04 *
  fold 3  ep  47  loss 0.4961  val_loss 0.6531  val_auc 0.7249  val_f1 0.7759  lr 5.00e-04 *
  fold 3  ep  55  loss 0.4902  val_loss 0.6778  val_auc 0.7319  val_f1 0.7638  lr 5.00e-04 *
  fold 3  ep  56  loss 0.4923  val_loss 0.5936  val_auc 0.7349  val_f1 0.7368  lr 5.00e-04 *
  fold 3  ep  60  loss 0.4942  val_loss 0.6796  val_auc 0.7211  val_f1 0.7697  lr 5.00e-04
  fold 3  ep  78  loss 0.4882  val_loss 0.6388  val_auc 0.7350  val_f1 0.7733  lr 2.50e-04 *
  fold 3  ep  79  loss 0.4888  val_loss 0.6181  val_auc 0.7370  val_f1 0.7835  lr 2.50e-04 *
  fold 3  ep  80  loss 0.4848  val_loss 0.6334  val_auc 0.7196  val_f1 0.7708  lr 2.50e-04
  fold 3  ep  87  loss 0.4847  val_loss 0.6359  val_auc 0.7401  val_f1 0.7774  lr 2.50e-04 *
  fold 3  ep  94  loss 0.4879  val_loss 0.6459  val_auc 0.7434  val_f1 0.7774  lr 2.50e-04 *
  fold 3  ep 100  loss 0.4840  val_loss 0.6671  val_auc 0.7287  val_f1 0.7733  lr 2.50e-04
  fold 3  ep 101  loss 0.4809  val_loss 0.6234  val_auc 0.7445  val_f1 0.7850  lr 2.50e-04 *
  fold 3  ep 120  loss 0.4821  val_loss 0.6369  val_auc 0.7390  val_f1 0.7864  lr 1.25e-04
  fold 3  early stop at epoch 131  (best val_auc=0.7445)
fold 3  test  AUC=0.7651  PR-AUC=0.8054  F1=0.7664  Acc=0.6587
  fold 4  ep   1  loss 0.5457  val_loss 0.8441  val_auc 0.7077  val_f1 0.7398  lr 1.00e-03 *
  fold 4  ep   2  loss 0.5267  val_loss 0.6914  val_auc 0.7558  val_f1 0.7398  lr 1.00e-03 *
  fold 4  ep  10  loss 0.5080  val_loss 0.5987  val_auc 0.7721  val_f1 0.7661  lr 1.00e-03 *
  fold 4  ep  12  loss 0.5017  val_loss 0.6151  val_auc 0.7777  val_f1 0.7548  lr 1.00e-03 *
  fold 4  ep  19  loss 0.5016  val_loss 0.6908  val_auc 0.7824  val_f1 0.7421  lr 1.00e-03 *
  fold 4  ep  20  loss 0.4974  val_loss 0.6622  val_auc 0.7788  val_f1 0.7468  lr 1.00e-03
  fold 4  ep  28  loss 0.4983  val_loss 0.5799  val_auc 0.7841  val_f1 0.7240  lr 1.00e-03 *
  fold 4  ep  34  loss 0.4928  val_loss 0.6077  val_auc 0.7865  val_f1 0.7647  lr 1.00e-03 *
  fold 4  ep  40  loss 0.4939  val_loss 0.6243  val_auc 0.7658  val_f1 0.7566  lr 1.00e-03
  fold 4  ep  50  loss 0.4882  val_loss 0.5635  val_auc 0.7875  val_f1 0.8102  lr 5.00e-04 *
  fold 4  ep  52  loss 0.4848  val_loss 0.5935  val_auc 0.7887  val_f1 0.7811  lr 5.00e-04 *
  fold 4  ep  57  loss 0.4913  val_loss 0.6364  val_auc 0.7895  val_f1 0.7622  lr 5.00e-04 *
  fold 4  ep  59  loss 0.4834  val_loss 0.6510  val_auc 0.7915  val_f1 0.7597  lr 5.00e-04 *
  fold 4  ep  60  loss 0.4848  val_loss 0.7389  val_auc 0.7900  val_f1 0.7421  lr 5.00e-04
  fold 4  ep  63  loss 0.4908  val_loss 0.7421  val_auc 0.7925  val_f1 0.7421  lr 5.00e-04 *
  fold 4  ep  65  loss 0.4907  val_loss 0.6217  val_auc 0.7943  val_f1 0.7647  lr 5.00e-04 *
  fold 4  ep  77  loss 0.4801  val_loss 0.6572  val_auc 0.7952  val_f1 0.7597  lr 2.50e-04 *
  fold 4  ep  79  loss 0.4797  val_loss 0.5942  val_auc 0.7987  val_f1 0.7744  lr 2.50e-04 *
  fold 4  ep  80  loss 0.4761  val_loss 0.6448  val_auc 0.7955  val_f1 0.7622  lr 2.50e-04
  fold 4  ep 100  loss 0.4780  val_loss 0.6499  val_auc 0.7966  val_f1 0.7597  lr 1.25e-04
  fold 4  early stop at epoch 109  (best val_auc=0.7987)
fold 4  test  AUC=0.7322  PR-AUC=0.7523  F1=0.7570  Acc=0.6347

GAT run='gat_hybrid'  graph=gene_graph_hybrid.npz  feat=expr_zscore
    accuracy: 0.6539 ± 0.0393
   precision: 0.6490 ± 0.0461
      recall: 0.9281 ± 0.0623
          f1: 0.7603 ± 0.0097
     roc_auc: 0.7446 ± 0.0257
      pr_auc: 0.7844 ± 0.0262
Models found (9): ['XGBoost', 'GCN[baseline]', 'GCN[gat_hybrid]', 'GCN[gat_thr07]', 'GCN[v2_bio]', 'GCN[v2_hybrid]', 'GCN[v2_thr05]', 'GCN[v2_thr07]', 'GCN[v2_topk10]']
Common cell lines for comparison: 1673

=== Graph stats ===
            graph  n_genes  edges_undirected  avg_degree      mode  threshold  top_k
   gene_graph_bio     2000              1851        1.85       bio      700.0    0.0
gene_graph_hybrid     2000             61183       61.18    hybrid      700.0    0.0
 gene_graph_thr05     2000             59701       59.70 threshold        0.5    NaN
 gene_graph_thr07     2000              2556        2.56 threshold        0.7   10.0
gene_graph_topk10     2000             18131       18.13      topk        0.5   10.0

=== OOF metrics (n = 1673 ) ===
                 accuracy  precision  recall      f1  roc_auc  pr_auc
XGBoost            0.8470     0.8430  0.9097  0.8751   0.9064  0.9086
GCN[baseline]      0.5953     0.6084  0.8793  0.7192   0.6247  0.7052
GCN[gat_hybrid]    0.6539     0.6430  0.9280  0.7597   0.7060  0.7457
GCN[gat_thr07]     0.5786     0.6156  0.7586  0.6797   0.6220  0.7100
GCN[v2_bio]        0.6258     0.6996  0.6400  0.6684   0.6784  0.7404
GCN[v2_hybrid]     0.6665     0.7086  0.7373  0.7227   0.7046  0.7599
GCN[v2_thr05]      0.6641     0.7195  0.7049  0.7121   0.7009  0.7510
GCN[v2_thr07]      0.6629     0.6675  0.8529  0.7489   0.7066  0.7588
GCN[v2_topk10]     0.6461     0.7456  0.6065  0.6689   0.7040  0.7582

Plots saved → /mnt/beegfsstudents/home/3415496/tp53-mutation-predictor/data/processed/plots
