Run        : v2_topk10
Graph      : gene_graph_topk10.npz
Date       : Wed May  6 10:15:39 AM CEST 2026
Host       : gnode03
NVIDIA A100 80GB PCIe, 81920 MiB
NVIDIA A100 80GB PCIe, 81920 MiB
NVIDIA A100 80GB PCIe, 81920 MiB
NVIDIA A100 80GB PCIe, 81920 MiB
Device: cuda
Aligned: 1673 cell lines × 2000 genes  (graph=gene_graph_topk10.npz)
  fold 0  ep   1  loss 0.5771  val_loss 0.6491  val_auc 0.6641  val_f1 0.7341  lr 1.00e-03 *
  fold 0  ep   3  loss 0.5376  val_loss 0.6349  val_auc 0.6935  val_f1 0.7402  lr 1.00e-03 *
  fold 0  ep  10  loss 0.5223  val_loss 0.6806  val_auc 0.6992  val_f1 0.5227  lr 1.00e-03 *
  fold 0  ep  19  loss 0.5240  val_loss 0.7025  val_auc 0.7031  val_f1 0.7445  lr 1.00e-03 *
  fold 0  ep  20  loss 0.5449  val_loss 0.7062  val_auc 0.7050  val_f1 0.7492  lr 1.00e-03 *
  fold 0  ep  22  loss 0.5205  val_loss 0.6652  val_auc 0.7108  val_f1 0.6010  lr 1.00e-03 *
  fold 0  ep  23  loss 0.5190  val_loss 0.7282  val_auc 0.7147  val_f1 0.2535  lr 1.00e-03 *
  fold 0  ep  39  loss 0.5073  val_loss 0.6449  val_auc 0.7159  val_f1 0.6667  lr 5.00e-04 *
  fold 0  ep  40  loss 0.5108  val_loss 0.8231  val_auc 0.6582  val_f1 0.1778  lr 5.00e-04
  fold 0  ep  55  loss 0.5028  val_loss 0.6022  val_auc 0.7216  val_f1 0.7317  lr 2.50e-04 *
  fold 0  ep  60  loss 0.5049  val_loss 0.6046  val_auc 0.7215  val_f1 0.7155  lr 2.50e-04
  fold 0  ep  67  loss 0.5014  val_loss 0.6088  val_auc 0.7218  val_f1 0.7200  lr 1.25e-04 *
  fold 0  ep  68  loss 0.5057  val_loss 0.6030  val_auc 0.7229  val_f1 0.7538  lr 1.25e-04 *
  fold 0  ep  69  loss 0.4990  val_loss 0.6014  val_auc 0.7234  val_f1 0.7265  lr 1.25e-04 *
  fold 0  ep  78  loss 0.5020  val_loss 0.5984  val_auc 0.7243  val_f1 0.7600  lr 1.25e-04 *
  fold 0  ep  80  loss 0.4991  val_loss 0.5994  val_auc 0.7219  val_f1 0.7440  lr 1.25e-04
  fold 0  ep  93  loss 0.4942  val_loss 0.5969  val_auc 0.7250  val_f1 0.7368  lr 6.25e-05 *
  fold 0  ep  94  loss 0.4925  val_loss 0.6004  val_auc 0.7258  val_f1 0.7547  lr 6.25e-05 *
  fold 0  ep  96  loss 0.4981  val_loss 0.5955  val_auc 0.7264  val_f1 0.7317  lr 6.25e-05 *
  fold 0  ep  98  loss 0.4949  val_loss 0.5982  val_auc 0.7265  val_f1 0.7373  lr 6.25e-05 *
  fold 0  ep 100  loss 0.4960  val_loss 0.6060  val_auc 0.7259  val_f1 0.7232  lr 6.25e-05
  fold 0  ep 102  loss 0.4925  val_loss 0.6044  val_auc 0.7268  val_f1 0.7424  lr 6.25e-05 *
  fold 0  ep 103  loss 0.4984  val_loss 0.5972  val_auc 0.7269  val_f1 0.7296  lr 6.25e-05 *
  fold 0  ep 106  loss 0.4973  val_loss 0.5959  val_auc 0.7281  val_f1 0.7568  lr 6.25e-05 *
  fold 0  ep 109  loss 0.4916  val_loss 0.5949  val_auc 0.7287  val_f1 0.7626  lr 6.25e-05 *
  fold 0  ep 113  loss 0.4946  val_loss 0.5957  val_auc 0.7292  val_f1 0.7520  lr 6.25e-05 *
  fold 0  ep 120  loss 0.4944  val_loss 0.5947  val_auc 0.7285  val_f1 0.7417  lr 6.25e-05
  fold 0  ep 121  loss 0.4955  val_loss 0.5981  val_auc 0.7302  val_f1 0.7304  lr 6.25e-05 *
  fold 0  ep 131  loss 0.4952  val_loss 0.5932  val_auc 0.7304  val_f1 0.7429  lr 6.25e-05 *
  fold 0  ep 140  loss 0.4951  val_loss 0.5936  val_auc 0.7301  val_f1 0.7381  lr 6.25e-05
  fold 0  ep 160  loss 0.4878  val_loss 0.6038  val_auc 0.7283  val_f1 0.7446  lr 1.56e-05
  fold 0  early stop at epoch 161  (best val_auc=0.7304)
fold 0  test  AUC=0.7598  PR-AUC=0.8105  F1=0.7816  Acc=0.7313
  fold 1  ep   1  loss 0.5735  val_loss 0.6636  val_auc 0.6254  val_f1 0.7325  lr 1.00e-03 *
  fold 1  ep   2  loss 0.5485  val_loss 0.7256  val_auc 0.6990  val_f1 0.0650  lr 1.00e-03 *
  fold 1  ep   4  loss 0.5348  val_loss 0.6326  val_auc 0.7089  val_f1 0.7319  lr 1.00e-03 *
  fold 1  ep   5  loss 0.5353  val_loss 0.9228  val_auc 0.7215  val_f1 0.0167  lr 1.00e-03 *
  fold 1  ep   9  loss 0.5371  val_loss 0.7899  val_auc 0.7409  val_f1 0.0650  lr 1.00e-03 *
  fold 1  ep  12  loss 0.5256  val_loss 0.6477  val_auc 0.7533  val_f1 0.6022  lr 1.00e-03 *
  fold 1  ep  20  loss 0.5322  val_loss 1.5078  val_auc 0.6873  val_f1 0.0000  lr 1.00e-03
  fold 1  ep  22  loss 0.5244  val_loss 0.8409  val_auc 0.7628  val_f1 0.0960  lr 1.00e-03 *
  fold 1  ep  31  loss 0.5161  val_loss 0.6493  val_auc 0.7689  val_f1 0.5506  lr 1.00e-03 *
  fold 1  ep  33  loss 0.5199  val_loss 0.6436  val_auc 0.7717  val_f1 0.5424  lr 1.00e-03 *
  fold 1  ep  40  loss 0.5257  val_loss 0.5847  val_auc 0.7680  val_f1 0.7217  lr 1.00e-03
  fold 1  ep  49  loss 0.5124  val_loss 0.5911  val_auc 0.7779  val_f1 0.7315  lr 5.00e-04 *
  fold 1  ep  58  loss 0.5164  val_loss 0.6320  val_auc 0.7780  val_f1 0.5587  lr 5.00e-04 *
  fold 1  ep  60  loss 0.5176  val_loss 0.5676  val_auc 0.7731  val_f1 0.7790  lr 5.00e-04
  fold 1  ep  62  loss 0.5138  val_loss 0.5997  val_auc 0.7797  val_f1 0.6927  lr 5.00e-04 *
  fold 1  ep  68  loss 0.5099  val_loss 0.6704  val_auc 0.7809  val_f1 0.4790  lr 5.00e-04 *
  fold 1  ep  77  loss 0.5132  val_loss 0.7007  val_auc 0.7839  val_f1 0.3922  lr 5.00e-04 *
  fold 1  ep  80  loss 0.5106  val_loss 0.5922  val_auc 0.7328  val_f1 0.7004  lr 5.00e-04
  fold 1  ep 100  loss 0.5039  val_loss 0.5825  val_auc 0.7616  val_f1 0.6881  lr 1.25e-04
  fold 1  early stop at epoch 107  (best val_auc=0.7839)
fold 1  test  AUC=0.7253  PR-AUC=0.7567  F1=0.3906  Acc=0.5343
  fold 2  ep   1  loss 0.5712  val_loss 0.7495  val_auc 0.7196  val_f1 0.1260  lr 1.00e-03 *
  fold 2  ep   2  loss 0.5592  val_loss 0.6349  val_auc 0.7326  val_f1 0.7452  lr 1.00e-03 *
  fold 2  ep   3  loss 0.5476  val_loss 0.6156  val_auc 0.7375  val_f1 0.7557  lr 1.00e-03 *
  fold 2  ep   4  loss 0.5423  val_loss 0.6293  val_auc 0.7396  val_f1 0.7123  lr 1.00e-03 *
  fold 2  ep   6  loss 0.5366  val_loss 0.7112  val_auc 0.7469  val_f1 0.2500  lr 1.00e-03 *
  fold 2  ep   8  loss 0.5418  val_loss 0.6047  val_auc 0.7589  val_f1 0.7401  lr 1.00e-03 *
  fold 2  ep   9  loss 0.5405  val_loss 0.6159  val_auc 0.7636  val_f1 0.6857  lr 1.00e-03 *
  fold 2  ep  20  loss 0.5252  val_loss 0.5995  val_auc 0.7318  val_f1 0.7353  lr 1.00e-03
  fold 2  ep  23  loss 0.5177  val_loss 0.5829  val_auc 0.7709  val_f1 0.7054  lr 5.00e-04 *
  fold 2  ep  28  loss 0.5138  val_loss 0.5755  val_auc 0.7713  val_f1 0.7404  lr 5.00e-04 *
  fold 2  ep  36  loss 0.5085  val_loss 0.6106  val_auc 0.7732  val_f1 0.6800  lr 5.00e-04 *
  fold 2  ep  40  loss 0.5094  val_loss 0.6589  val_auc 0.6903  val_f1 0.7212  lr 5.00e-04
  fold 2  ep  52  loss 0.5050  val_loss 0.5670  val_auc 0.7774  val_f1 0.7200  lr 2.50e-04 *
  fold 2  ep  60  loss 0.5037  val_loss 0.7420  val_auc 0.7384  val_f1 0.4258  lr 2.50e-04
  fold 2  ep  61  loss 0.5005  val_loss 0.6108  val_auc 0.7787  val_f1 0.6564  lr 2.50e-04 *
  fold 2  ep  64  loss 0.5023  val_loss 0.5648  val_auc 0.7788  val_f1 0.7692  lr 2.50e-04 *
  fold 2  ep  80  loss 0.4948  val_loss 0.5884  val_auc 0.7609  val_f1 0.6941  lr 1.25e-04
  fold 2  early stop at epoch 94  (best val_auc=0.7788)
fold 2  test  AUC=0.6753  PR-AUC=0.7437  F1=0.7036  Acc=0.6328
  fold 3  ep   1  loss 0.5663  val_loss 0.6827  val_auc 0.6020  val_f1 0.6368  lr 1.00e-03 *
  fold 3  ep   3  loss 0.5400  val_loss 0.6494  val_auc 0.6561  val_f1 0.7273  lr 1.00e-03 *
  fold 3  ep   5  loss 0.5355  val_loss 0.7556  val_auc 0.6793  val_f1 0.1231  lr 1.00e-03 *
  fold 3  ep  10  loss 0.5195  val_loss 0.7972  val_auc 0.6854  val_f1 0.1395  lr 1.00e-03 *
  fold 3  ep  20  loss 0.5209  val_loss 0.7093  val_auc 0.6731  val_f1 0.4311  lr 1.00e-03
  fold 3  ep  22  loss 0.5144  val_loss 0.6265  val_auc 0.6870  val_f1 0.7373  lr 5.00e-04 *
  fold 3  ep  24  loss 0.5098  val_loss 0.6477  val_auc 0.6872  val_f1 0.6573  lr 5.00e-04 *
  fold 3  ep  30  loss 0.5115  val_loss 0.6397  val_auc 0.6920  val_f1 0.6759  lr 5.00e-04 *
  fold 3  ep  34  loss 0.5170  val_loss 0.6350  val_auc 0.6933  val_f1 0.7080  lr 5.00e-04 *
  fold 3  ep  37  loss 0.5067  val_loss 0.6915  val_auc 0.6968  val_f1 0.5193  lr 5.00e-04 *
  fold 3  ep  38  loss 0.5065  val_loss 0.6595  val_auc 0.7021  val_f1 0.6231  lr 5.00e-04 *
  fold 3  ep  40  loss 0.5072  val_loss 0.9185  val_auc 0.6474  val_f1 0.7342  lr 5.00e-04
  fold 3  ep  52  loss 0.5053  val_loss 0.6363  val_auc 0.7066  val_f1 0.6604  lr 2.50e-04 *
  fold 3  ep  59  loss 0.5072  val_loss 0.6256  val_auc 0.7096  val_f1 0.6789  lr 2.50e-04 *
  fold 3  ep  60  loss 0.5025  val_loss 0.6701  val_auc 0.7046  val_f1 0.5684  lr 2.50e-04
  fold 3  ep  67  loss 0.5016  val_loss 0.6130  val_auc 0.7122  val_f1 0.7581  lr 2.50e-04 *
  fold 3  ep  72  loss 0.4996  val_loss 0.6425  val_auc 0.7166  val_f1 0.6404  lr 2.50e-04 *
  fold 3  ep  80  loss 0.5010  val_loss 0.6102  val_auc 0.7096  val_f1 0.7463  lr 2.50e-04
  fold 3  ep 100  loss 0.4977  val_loss 0.6146  val_auc 0.7110  val_f1 0.7130  lr 6.25e-05
  fold 3  early stop at epoch 102  (best val_auc=0.7166)
fold 3  test  AUC=0.7529  PR-AUC=0.7993  F1=0.7035  Acc=0.6946
  fold 4  ep   1  loss 0.5633  val_loss 0.6908  val_auc 0.6679  val_f1 0.4706  lr 1.00e-03 *
  fold 4  ep   2  loss 0.5400  val_loss 0.6704  val_auc 0.6754  val_f1 0.7325  lr 1.00e-03 *
  fold 4  ep   5  loss 0.5328  val_loss 0.7284  val_auc 0.6969  val_f1 0.2797  lr 1.00e-03 *
  fold 4  ep   7  loss 0.5279  val_loss 0.6630  val_auc 0.7055  val_f1 0.5957  lr 1.00e-03 *
  fold 4  ep  10  loss 0.5221  val_loss 0.6142  val_auc 0.7093  val_f1 0.7584  lr 1.00e-03 *
  fold 4  ep  13  loss 0.5221  val_loss 0.6717  val_auc 0.7190  val_f1 0.4971  lr 1.00e-03 *
  fold 4  ep  18  loss 0.5155  val_loss 0.6078  val_auc 0.7248  val_f1 0.7333  lr 1.00e-03 *
  fold 4  ep  20  loss 0.5140  val_loss 1.7883  val_auc 0.5812  val_f1 0.0000  lr 1.00e-03
  fold 4  ep  21  loss 0.5232  val_loss 0.7243  val_auc 0.7412  val_f1 0.2353  lr 1.00e-03 *
  fold 4  ep  27  loss 0.5114  val_loss 0.6292  val_auc 0.7446  val_f1 0.6368  lr 1.00e-03 *
  fold 4  ep  34  loss 0.5159  val_loss 0.7963  val_auc 0.7541  val_f1 0.1832  lr 1.00e-03 *
  fold 4  ep  40  loss 0.5056  val_loss 0.6131  val_auc 0.7496  val_f1 0.6634  lr 1.00e-03
  fold 4  ep  60  loss 0.4961  val_loss 0.5808  val_auc 0.7543  val_f1 0.7531  lr 2.50e-04 *
  fold 4  ep  63  loss 0.5004  val_loss 0.6003  val_auc 0.7612  val_f1 0.6635  lr 2.50e-04 *
  fold 4  ep  68  loss 0.4976  val_loss 0.5821  val_auc 0.7624  val_f1 0.7359  lr 2.50e-04 *
  fold 4  ep  69  loss 0.4947  val_loss 0.5987  val_auc 0.7695  val_f1 0.6731  lr 2.50e-04 *
  fold 4  ep  80  loss 0.4985  val_loss 0.7160  val_auc 0.7618  val_f1 0.4129  lr 2.50e-04
  fold 4  early stop at epoch 99  (best val_auc=0.7695)
fold 4  test  AUC=0.7044  PR-AUC=0.7557  F1=0.6648  Acc=0.6377

GCN run='v2_topk10'  graph=gene_graph_topk10.npz  feat=expr_zscore
    accuracy: 0.6462 ± 0.0669
   precision: 0.7649 ± 0.0641
      recall: 0.6063 ± 0.1925
          f1: 0.6488 ± 0.1346
     roc_auc: 0.7235 ± 0.0312
      pr_auc: 0.7732 ± 0.0265
Models found (5): ['XGBoost', 'GCN[baseline]', 'GCN[v2_thr05]', 'GCN[v2_thr07]', 'GCN[v2_topk10]']
Common cell lines for comparison: 1673

=== Graph stats ===
            graph  n_genes  edges_undirected  avg_degree      mode  threshold  top_k
 gene_graph_thr05     2000             59701       59.70 threshold        0.5    NaN
 gene_graph_thr07     2000              2556        2.56 threshold        0.7   10.0
gene_graph_topk10     2000             18131       18.13      topk        0.5   10.0

=== OOF metrics (n = 1673 ) ===
                accuracy  precision  recall      f1  roc_auc  pr_auc
XGBoost           0.8470     0.8430  0.9097  0.8751   0.9064  0.9086
GCN[baseline]     0.5953     0.6084  0.8793  0.7192   0.6247  0.7052
GCN[v2_thr05]     0.6641     0.7195  0.7049  0.7121   0.7009  0.7510
GCN[v2_thr07]     0.6629     0.6675  0.8529  0.7489   0.7066  0.7588
GCN[v2_topk10]    0.6461     0.7456  0.6065  0.6689   0.7040  0.7582

Plots saved → /mnt/beegfsstudents/home/3415496/tp53-mutation-predictor/data/processed/plots
