Run        : v2_thr07
Graph      : gene_graph_thr07.npz
Date       : Wed May  6 09:50:25 AM CEST 2026
Host       : gnode03
NVIDIA A100 80GB PCIe, 81920 MiB
NVIDIA A100 80GB PCIe, 81920 MiB
NVIDIA A100 80GB PCIe, 81920 MiB
NVIDIA A100 80GB PCIe, 81920 MiB
Device: cuda
Aligned: 1673 cell lines × 2000 genes  (graph=gene_graph_thr07.npz)
  fold 0  ep   1  loss 0.5819  val_loss 0.7346  val_auc 0.6287  val_f1 0.0165  lr 1.00e-03 *
  fold 0  ep   2  loss 0.5579  val_loss 0.6522  val_auc 0.6526  val_f1 0.7518  lr 1.00e-03 *
  fold 0  ep   5  loss 0.5435  val_loss 0.6407  val_auc 0.6776  val_f1 0.7439  lr 1.00e-03 *
  fold 0  ep  10  loss 0.5330  val_loss 0.6556  val_auc 0.6843  val_f1 0.6787  lr 1.00e-03 *
  fold 0  ep  11  loss 0.5408  val_loss 0.7002  val_auc 0.6970  val_f1 0.7319  lr 1.00e-03 *
  fold 0  ep  12  loss 0.5367  val_loss 0.6449  val_auc 0.7029  val_f1 0.7508  lr 1.00e-03 *
  fold 0  ep  15  loss 0.5338  val_loss 0.6360  val_auc 0.7037  val_f1 0.7423  lr 1.00e-03 *
  fold 0  ep  17  loss 0.5313  val_loss 0.6250  val_auc 0.7116  val_f1 0.7500  lr 1.00e-03 *
  fold 0  ep  20  loss 0.5573  val_loss 0.6845  val_auc 0.6615  val_f1 0.5474  lr 1.00e-03
  fold 0  ep  21  loss 0.5300  val_loss 0.6266  val_auc 0.7153  val_f1 0.7534  lr 1.00e-03 *
  fold 0  ep  27  loss 0.5244  val_loss 0.6976  val_auc 0.7190  val_f1 0.7405  lr 1.00e-03 *
  fold 0  ep  29  loss 0.5257  val_loss 0.6355  val_auc 0.7203  val_f1 0.7508  lr 1.00e-03 *
  fold 0  ep  36  loss 0.5266  val_loss 0.6151  val_auc 0.7212  val_f1 0.7537  lr 1.00e-03 *
  fold 0  ep  40  loss 0.5330  val_loss 0.9206  val_auc 0.6777  val_f1 0.0167  lr 1.00e-03
  fold 0  ep  44  loss 0.5233  val_loss 0.6416  val_auc 0.7264  val_f1 0.7575  lr 1.00e-03 *
  fold 0  ep  48  loss 0.5245  val_loss 0.6972  val_auc 0.7271  val_f1 0.7429  lr 1.00e-03 *
  fold 0  ep  54  loss 0.5180  val_loss 0.6239  val_auc 0.7301  val_f1 0.7232  lr 1.00e-03 *
  fold 0  ep  57  loss 0.5302  val_loss 0.6062  val_auc 0.7311  val_f1 0.7547  lr 1.00e-03 *
  fold 0  ep  58  loss 0.5217  val_loss 0.6837  val_auc 0.7345  val_f1 0.7412  lr 1.00e-03 *
  fold 0  ep  60  loss 0.5249  val_loss 0.6325  val_auc 0.7277  val_f1 0.7442  lr 1.00e-03
  fold 0  ep  76  loss 0.5244  val_loss 0.6323  val_auc 0.7372  val_f1 0.7550  lr 5.00e-04 *
  fold 0  ep  80  loss 0.5145  val_loss 0.6204  val_auc 0.7332  val_f1 0.7450  lr 5.00e-04
  fold 0  ep  81  loss 0.5170  val_loss 0.6445  val_auc 0.7390  val_f1 0.7541  lr 5.00e-04 *
  fold 0  ep  94  loss 0.5118  val_loss 0.6443  val_auc 0.7414  val_f1 0.7582  lr 2.50e-04 *
  fold 0  ep  95  loss 0.5137  val_loss 0.6218  val_auc 0.7428  val_f1 0.7550  lr 2.50e-04 *
  fold 0  ep  96  loss 0.5118  val_loss 0.6144  val_auc 0.7434  val_f1 0.7559  lr 2.50e-04 *
  fold 0  ep 100  loss 0.5083  val_loss 0.6130  val_auc 0.7399  val_f1 0.7297  lr 2.50e-04
  fold 0  ep 106  loss 0.5096  val_loss 0.6518  val_auc 0.7436  val_f1 0.7460  lr 2.50e-04 *
  fold 0  ep 109  loss 0.5110  val_loss 0.6378  val_auc 0.7442  val_f1 0.7607  lr 2.50e-04 *
  fold 0  ep 111  loss 0.5083  val_loss 0.5960  val_auc 0.7459  val_f1 0.7721  lr 2.50e-04 *
  fold 0  ep 120  loss 0.5082  val_loss 0.6065  val_auc 0.7468  val_f1 0.7612  lr 2.50e-04 *
  fold 0  ep 124  loss 0.5067  val_loss 0.6199  val_auc 0.7476  val_f1 0.7616  lr 2.50e-04 *
  fold 0  ep 127  loss 0.5094  val_loss 0.6036  val_auc 0.7503  val_f1 0.7751  lr 2.50e-04 *
  fold 0  ep 140  loss 0.5063  val_loss 0.6209  val_auc 0.7469  val_f1 0.7616  lr 1.25e-04
  fold 0  early stop at epoch 157  (best val_auc=0.7503)
fold 0  test  AUC=0.7598  PR-AUC=0.8134  F1=0.7692  Acc=0.6597
  fold 1  ep   1  loss 0.5600  val_loss 0.7533  val_auc 0.6659  val_f1 0.0331  lr 1.00e-03 *
  fold 1  ep   3  loss 0.5442  val_loss 0.7987  val_auc 0.6856  val_f1 0.0328  lr 1.00e-03 *
  fold 1  ep   4  loss 0.5493  val_loss 0.6811  val_auc 0.6928  val_f1 0.5146  lr 1.00e-03 *
  fold 1  ep   6  loss 0.5407  val_loss 0.6334  val_auc 0.6944  val_f1 0.7328  lr 1.00e-03 *
  fold 1  ep   7  loss 0.5401  val_loss 0.6721  val_auc 0.7099  val_f1 0.5089  lr 1.00e-03 *
  fold 1  ep  14  loss 0.5378  val_loss 0.6984  val_auc 0.7148  val_f1 0.4000  lr 1.00e-03 *
  fold 1  ep  19  loss 0.5387  val_loss 0.6447  val_auc 0.7230  val_f1 0.5864  lr 1.00e-03 *
  fold 1  ep  20  loss 0.5349  val_loss 0.6303  val_auc 0.6842  val_f1 0.7407  lr 1.00e-03
  fold 1  ep  26  loss 0.5295  val_loss 0.7056  val_auc 0.7232  val_f1 0.4000  lr 1.00e-03 *
  fold 1  ep  37  loss 0.5270  val_loss 0.6383  val_auc 0.7310  val_f1 0.5907  lr 1.00e-03 *
  fold 1  ep  38  loss 0.5315  val_loss 0.6917  val_auc 0.7375  val_f1 0.4375  lr 1.00e-03 *
  fold 1  ep  40  loss 0.5379  val_loss 0.6127  val_auc 0.7109  val_f1 0.7719  lr 1.00e-03
  fold 1  ep  49  loss 0.5198  val_loss 0.6138  val_auc 0.7377  val_f1 0.6606  lr 1.00e-03 *
  fold 1  ep  51  loss 0.5274  val_loss 0.6320  val_auc 0.7452  val_f1 0.6042  lr 1.00e-03 *
  fold 1  ep  57  loss 0.5234  val_loss 0.6522  val_auc 0.7456  val_f1 0.5341  lr 1.00e-03 *
  fold 1  ep  60  loss 0.5257  val_loss 1.0163  val_auc 0.6065  val_f1 0.7398  lr 1.00e-03
  fold 1  ep  71  loss 0.5219  val_loss 0.6032  val_auc 0.7515  val_f1 0.6878  lr 5.00e-04 *
  fold 1  ep  72  loss 0.5208  val_loss 0.6379  val_auc 0.7517  val_f1 0.5870  lr 5.00e-04 *
  fold 1  ep  80  loss 0.5199  val_loss 0.6282  val_auc 0.7507  val_f1 0.5914  lr 5.00e-04
  fold 1  ep  82  loss 0.5187  val_loss 0.6006  val_auc 0.7598  val_f1 0.6852  lr 5.00e-04 *
  fold 1  ep  99  loss 0.5150  val_loss 0.6819  val_auc 0.7622  val_f1 0.4790  lr 2.50e-04 *
  fold 1  ep 100  loss 0.5193  val_loss 0.5947  val_auc 0.7348  val_f1 0.7500  lr 2.50e-04
  fold 1  ep 109  loss 0.5096  val_loss 0.5960  val_auc 0.7625  val_f1 0.6852  lr 2.50e-04 *
  fold 1  ep 112  loss 0.5129  val_loss 0.6051  val_auc 0.7633  val_f1 0.6537  lr 2.50e-04 *
  fold 1  ep 120  loss 0.5106  val_loss 0.6879  val_auc 0.7631  val_f1 0.4634  lr 2.50e-04
  fold 1  ep 128  loss 0.5100  val_loss 0.6437  val_auc 0.7655  val_f1 0.5455  lr 1.25e-04 *
  fold 1  ep 140  loss 0.5079  val_loss 0.5835  val_auc 0.7534  val_f1 0.7350  lr 6.25e-05
  fold 1  ep 145  loss 0.5106  val_loss 0.6039  val_auc 0.7667  val_f1 0.6569  lr 6.25e-05 *
  fold 1  ep 160  loss 0.5093  val_loss 0.5771  val_auc 0.7518  val_f1 0.7638  lr 3.13e-05
  fold 1  early stop at epoch 175  (best val_auc=0.7667)
fold 1  test  AUC=0.7567  PR-AUC=0.7970  F1=0.6877  Acc=0.6746
  fold 2  ep   1  loss 0.5746  val_loss 0.7788  val_auc 0.6421  val_f1 0.0000  lr 1.00e-03 *
  fold 2  ep   2  loss 0.5552  val_loss 0.7396  val_auc 0.6991  val_f1 0.0650  lr 1.00e-03 *
  fold 2  ep   4  loss 0.5501  val_loss 0.6299  val_auc 0.7168  val_f1 0.7381  lr 1.00e-03 *
  fold 2  ep   8  loss 0.5455  val_loss 0.6259  val_auc 0.7504  val_f1 0.7468  lr 1.00e-03 *
  fold 2  ep  15  loss 0.5345  val_loss 0.5961  val_auc 0.7591  val_f1 0.7447  lr 1.00e-03 *
  fold 2  ep  20  loss 0.5397  val_loss 0.5939  val_auc 0.7490  val_f1 0.7480  lr 1.00e-03
  fold 2  ep  24  loss 0.5361  val_loss 0.6957  val_auc 0.7611  val_f1 0.7438  lr 1.00e-03 *
  fold 2  ep  26  loss 0.5297  val_loss 0.5909  val_auc 0.7647  val_f1 0.7463  lr 1.00e-03 *
  fold 2  ep  39  loss 0.5261  val_loss 0.5825  val_auc 0.7693  val_f1 0.7605  lr 5.00e-04 *
  fold 2  ep  40  loss 0.5189  val_loss 0.5993  val_auc 0.7622  val_f1 0.7289  lr 5.00e-04
  fold 2  ep  46  loss 0.5168  val_loss 0.5782  val_auc 0.7697  val_f1 0.7612  lr 5.00e-04 *
  fold 2  ep  58  loss 0.5144  val_loss 0.5877  val_auc 0.7702  val_f1 0.7642  lr 2.50e-04 *
  fold 2  ep  60  loss 0.5125  val_loss 0.5826  val_auc 0.7696  val_f1 0.7364  lr 2.50e-04
  fold 2  ep  63  loss 0.5182  val_loss 0.5825  val_auc 0.7723  val_f1 0.7629  lr 2.50e-04 *
  fold 2  ep  69  loss 0.5109  val_loss 0.5686  val_auc 0.7745  val_f1 0.7547  lr 2.50e-04 *
  fold 2  ep  71  loss 0.5055  val_loss 0.6088  val_auc 0.7761  val_f1 0.7662  lr 2.50e-04 *
  fold 2  ep  73  loss 0.5089  val_loss 0.5697  val_auc 0.7770  val_f1 0.7510  lr 2.50e-04 *
  fold 2  ep  77  loss 0.5119  val_loss 0.5678  val_auc 0.7776  val_f1 0.7626  lr 2.50e-04 *
  fold 2  ep  80  loss 0.5041  val_loss 0.5829  val_auc 0.7715  val_f1 0.7762  lr 2.50e-04
  fold 2  ep  81  loss 0.5105  val_loss 0.5690  val_auc 0.7785  val_f1 0.7726  lr 2.50e-04 *
  fold 2  ep  86  loss 0.5072  val_loss 0.6078  val_auc 0.7802  val_f1 0.7672  lr 2.50e-04 *
  fold 2  ep 100  loss 0.5001  val_loss 0.5626  val_auc 0.7808  val_f1 0.7663  lr 1.25e-04 *
  fold 2  ep 102  loss 0.5027  val_loss 0.5634  val_auc 0.7827  val_f1 0.7652  lr 1.25e-04 *
  fold 2  ep 114  loss 0.4974  val_loss 0.5631  val_auc 0.7835  val_f1 0.7823  lr 6.25e-05 *
  fold 2  ep 120  loss 0.4963  val_loss 0.5734  val_auc 0.7819  val_f1 0.7789  lr 6.25e-05
  fold 2  ep 126  loss 0.4966  val_loss 0.5733  val_auc 0.7839  val_f1 0.7845  lr 3.13e-05 *
  fold 2  ep 129  loss 0.4945  val_loss 0.5664  val_auc 0.7843  val_f1 0.7814  lr 3.13e-05 *
  fold 2  ep 132  loss 0.4989  val_loss 0.5703  val_auc 0.7849  val_f1 0.7845  lr 3.13e-05 *
  fold 2  ep 140  loss 0.4985  val_loss 0.5700  val_auc 0.7841  val_f1 0.7845  lr 3.13e-05
  fold 2  ep 152  loss 0.4950  val_loss 0.5697  val_auc 0.7851  val_f1 0.7845  lr 1.56e-05 *
  fold 2  ep 160  loss 0.4964  val_loss 0.5783  val_auc 0.7839  val_f1 0.7751  lr 1.56e-05
  fold 2  ep 180  loss 0.4945  val_loss 0.5730  val_auc 0.7845  val_f1 0.7845  lr 3.91e-06
  fold 2  early stop at epoch 182  (best val_auc=0.7851)
fold 2  test  AUC=0.6733  PR-AUC=0.7351  F1=0.7495  Acc=0.6328
  fold 3  ep   1  loss 0.5559  val_loss 0.8298  val_auc 0.6063  val_f1 0.0000  lr 1.00e-03 *
  fold 3  ep   2  loss 0.5490  val_loss 0.7325  val_auc 0.6338  val_f1 0.2535  lr 1.00e-03 *
  fold 3  ep   3  loss 0.5406  val_loss 0.6866  val_auc 0.6399  val_f1 0.5596  lr 1.00e-03 *
  fold 3  ep   7  loss 0.5373  val_loss 0.6786  val_auc 0.6488  val_f1 0.5567  lr 1.00e-03 *
  fold 3  ep   8  loss 0.5320  val_loss 0.6557  val_auc 0.6611  val_f1 0.7365  lr 1.00e-03 *
  fold 3  ep  11  loss 0.5322  val_loss 0.6626  val_auc 0.6642  val_f1 0.5941  lr 1.00e-03 *
  fold 3  ep  15  loss 0.5347  val_loss 0.6483  val_auc 0.6674  val_f1 0.6923  lr 1.00e-03 *
  fold 3  ep  16  loss 0.5230  val_loss 0.6858  val_auc 0.6733  val_f1 0.4800  lr 1.00e-03 *
  fold 3  ep  20  loss 0.5285  val_loss 0.7392  val_auc 0.6586  val_f1 0.7197  lr 1.00e-03
  fold 3  ep  23  loss 0.5243  val_loss 0.6333  val_auc 0.6760  val_f1 0.7203  lr 1.00e-03 *
  fold 3  ep  25  loss 0.5219  val_loss 0.6335  val_auc 0.6825  val_f1 0.6888  lr 1.00e-03 *
  fold 3  ep  28  loss 0.5299  val_loss 0.6447  val_auc 0.6878  val_f1 0.7467  lr 1.00e-03 *
  fold 3  ep  40  loss 0.5202  val_loss 0.6265  val_auc 0.6942  val_f1 0.7171  lr 5.00e-04 *
  fold 3  ep  46  loss 0.5189  val_loss 0.6191  val_auc 0.6965  val_f1 0.7203  lr 5.00e-04 *
  fold 3  ep  58  loss 0.5147  val_loss 0.6323  val_auc 0.6995  val_f1 0.6991  lr 2.50e-04 *
  fold 3  ep  60  loss 0.5106  val_loss 0.6159  val_auc 0.7001  val_f1 0.7171  lr 2.50e-04 *
  fold 3  ep  63  loss 0.5128  val_loss 0.6240  val_auc 0.7030  val_f1 0.6864  lr 2.50e-04 *
  fold 3  ep  65  loss 0.5144  val_loss 0.6141  val_auc 0.7066  val_f1 0.7259  lr 2.50e-04 *
  fold 3  ep  78  loss 0.5099  val_loss 0.6264  val_auc 0.7071  val_f1 0.6724  lr 1.25e-04 *
  fold 3  ep  79  loss 0.5067  val_loss 0.6113  val_auc 0.7077  val_f1 0.7266  lr 1.25e-04 *
  fold 3  ep  80  loss 0.5090  val_loss 0.6139  val_auc 0.7054  val_f1 0.7045  lr 1.25e-04
  fold 3  ep  84  loss 0.5111  val_loss 0.6113  val_auc 0.7096  val_f1 0.7239  lr 1.25e-04 *
  fold 3  ep  97  loss 0.5117  val_loss 0.6204  val_auc 0.7110  val_f1 0.7666  lr 6.25e-05 *
  fold 3  ep 100  loss 0.5046  val_loss 0.6215  val_auc 0.7107  val_f1 0.7649  lr 6.25e-05
  fold 3  ep 101  loss 0.5069  val_loss 0.6109  val_auc 0.7116  val_f1 0.7445  lr 6.25e-05 *
  fold 3  ep 120  loss 0.5071  val_loss 0.6119  val_auc 0.7099  val_f1 0.7445  lr 3.13e-05
  fold 3  ep 122  loss 0.5026  val_loss 0.6133  val_auc 0.7119  val_f1 0.7509  lr 3.13e-05 *
  fold 3  ep 129  loss 0.5039  val_loss 0.6204  val_auc 0.7122  val_f1 0.7633  lr 3.13e-05 *
  fold 3  ep 132  loss 0.5047  val_loss 0.6118  val_auc 0.7132  val_f1 0.7418  lr 3.13e-05 *
  fold 3  ep 133  loss 0.5071  val_loss 0.6115  val_auc 0.7133  val_f1 0.7509  lr 3.13e-05 *
  fold 3  ep 134  loss 0.5030  val_loss 0.6167  val_auc 0.7138  val_f1 0.7633  lr 3.13e-05 *
  fold 3  ep 140  loss 0.5061  val_loss 0.6161  val_auc 0.7141  val_f1 0.7633  lr 3.13e-05 *
  fold 3  ep 145  loss 0.5012  val_loss 0.6177  val_auc 0.7158  val_f1 0.7606  lr 3.13e-05 *
  fold 3  ep 147  loss 0.5057  val_loss 0.6117  val_auc 0.7168  val_f1 0.7509  lr 3.13e-05 *
  fold 3  ep 148  loss 0.5028  val_loss 0.6120  val_auc 0.7171  val_f1 0.7509  lr 3.13e-05 *
  fold 3  ep 151  loss 0.5058  val_loss 0.6145  val_auc 0.7178  val_f1 0.7643  lr 3.13e-05 *
  fold 3  ep 160  loss 0.5041  val_loss 0.6241  val_auc 0.7131  val_f1 0.7606  lr 3.13e-05
  fold 3  ep 174  loss 0.5017  val_loss 0.6120  val_auc 0.7181  val_f1 0.7509  lr 7.81e-06 *
  fold 3  ep 180  loss 0.5001  val_loss 0.6106  val_auc 0.7163  val_f1 0.7418  lr 7.81e-06
  fold 3  ep 200  loss 0.5000  val_loss 0.6115  val_auc 0.7170  val_f1 0.7509  lr 1.95e-06
  fold 3  early stop at epoch 204  (best val_auc=0.7181)
fold 3  test  AUC=0.7542  PR-AUC=0.7900  F1=0.7809  Acc=0.6976
  fold 4  ep   1  loss 0.5631  val_loss 0.8960  val_auc 0.6771  val_f1 0.0000  lr 1.00e-03 *
  fold 4  ep   2  loss 0.5448  val_loss 0.6845  val_auc 0.6981  val_f1 0.4881  lr 1.00e-03 *
  fold 4  ep   5  loss 0.5452  val_loss 0.6338  val_auc 0.7020  val_f1 0.7315  lr 1.00e-03 *
  fold 4  ep   6  loss 0.5366  val_loss 0.6317  val_auc 0.7134  val_f1 0.7319  lr 1.00e-03 *
  fold 4  ep   8  loss 0.5363  val_loss 0.6337  val_auc 0.7197  val_f1 0.7105  lr 1.00e-03 *
  fold 4  ep  14  loss 0.5306  val_loss 0.6827  val_auc 0.7205  val_f1 0.4625  lr 1.00e-03 *
  fold 4  ep  16  loss 0.5311  val_loss 0.6264  val_auc 0.7229  val_f1 0.7336  lr 1.00e-03 *
  fold 4  ep  19  loss 0.5277  val_loss 0.6159  val_auc 0.7277  val_f1 0.7417  lr 1.00e-03 *
  fold 4  ep  20  loss 0.5348  val_loss 0.6289  val_auc 0.7285  val_f1 0.7027  lr 1.00e-03 *
  fold 4  ep  23  loss 0.5286  val_loss 0.6141  val_auc 0.7390  val_f1 0.7342  lr 1.00e-03 *
  fold 4  ep  34  loss 0.5257  val_loss 0.6232  val_auc 0.7439  val_f1 0.6476  lr 1.00e-03 *
  fold 4  ep  40  loss 0.5184  val_loss 0.6779  val_auc 0.7350  val_f1 0.4500  lr 1.00e-03
  fold 4  ep  41  loss 0.5206  val_loss 0.6682  val_auc 0.7480  val_f1 0.4878  lr 1.00e-03 *
  fold 4  ep  48  loss 0.5173  val_loss 0.6052  val_auc 0.7486  val_f1 0.7542  lr 1.00e-03 *
  fold 4  ep  52  loss 0.5255  val_loss 0.7190  val_auc 0.7510  val_f1 0.3537  lr 1.00e-03 *
  fold 4  ep  54  loss 0.5194  val_loss 0.5902  val_auc 0.7593  val_f1 0.7863  lr 1.00e-03 *
  fold 4  ep  60  loss 0.5115  val_loss 0.5951  val_auc 0.7628  val_f1 0.7368  lr 1.00e-03 *
  fold 4  ep  67  loss 0.5110  val_loss 0.5895  val_auc 0.7655  val_f1 0.7458  lr 1.00e-03 *
  fold 4  ep  80  loss 0.5036  val_loss 0.5773  val_auc 0.7644  val_f1 0.7635  lr 5.00e-04
  fold 4  ep  82  loss 0.5055  val_loss 0.5989  val_auc 0.7662  val_f1 0.6854  lr 5.00e-04 *
  fold 4  ep  92  loss 0.5027  val_loss 0.5763  val_auc 0.7692  val_f1 0.7826  lr 5.00e-04 *
  fold 4  ep 100  loss 0.5009  val_loss 0.5851  val_auc 0.7657  val_f1 0.7714  lr 5.00e-04
  fold 4  ep 114  loss 0.4976  val_loss 0.5934  val_auc 0.7699  val_f1 0.6977  lr 2.50e-04 *
  fold 4  ep 115  loss 0.4972  val_loss 0.5743  val_auc 0.7703  val_f1 0.7664  lr 2.50e-04 *
  fold 4  ep 120  loss 0.4942  val_loss 0.5843  val_auc 0.7621  val_f1 0.7391  lr 2.50e-04
  fold 4  ep 140  loss 0.4923  val_loss 0.5767  val_auc 0.7691  val_f1 0.7754  lr 6.25e-05
  fold 4  ep 142  loss 0.4906  val_loss 0.5729  val_auc 0.7704  val_f1 0.7778  lr 6.25e-05 *
  fold 4  ep 160  loss 0.4934  val_loss 0.5749  val_auc 0.7679  val_f1 0.7749  lr 3.13e-05
  fold 4  early stop at epoch 172  (best val_auc=0.7704)
fold 4  test  AUC=0.7108  PR-AUC=0.7596  F1=0.7406  Acc=0.6497

GCN run='v2_thr07'  graph=gene_graph_thr07.npz  feat=expr_zscore
    accuracy: 0.6629 ± 0.0220
   precision: 0.6793 ± 0.0581
      recall: 0.8528 ± 0.1274
          f1: 0.7456 ± 0.0323
     roc_auc: 0.7309 ± 0.0340
      pr_auc: 0.7790 ± 0.0280
Models found (4): ['XGBoost', 'GCN[baseline]', 'GCN[v2_thr05]', 'GCN[v2_thr07]']
Common cell lines for comparison: 1673

=== Graph stats ===
            graph  n_genes  edges_undirected  avg_degree      mode  threshold  top_k
 gene_graph_thr05     2000             59701       59.70 threshold        0.5    NaN
 gene_graph_thr07     2000              2556        2.56 threshold        0.7   10.0
gene_graph_topk10     2000             18131       18.13      topk        0.5   10.0

=== OOF metrics (n = 1673 ) ===
               accuracy  precision  recall      f1  roc_auc  pr_auc
XGBoost          0.8470     0.8430  0.9097  0.8751   0.9064  0.9086
GCN[baseline]    0.5953     0.6084  0.8793  0.7192   0.6247  0.7052
GCN[v2_thr05]    0.6641     0.7195  0.7049  0.7121   0.7009  0.7510
GCN[v2_thr07]    0.6629     0.6675  0.8529  0.7489   0.7066  0.7588

Plots saved → /mnt/beegfsstudents/home/3415496/tp53-mutation-predictor/data/processed/plots
