Run        : v2_bio
Graph      : gene_graph_bio.npz
Date       : Wed May  6 11:00:06 AM CEST 2026
Host       : gnode03
NVIDIA A100 80GB PCIe, 81920 MiB
NVIDIA A100 80GB PCIe, 81920 MiB
NVIDIA A100 80GB PCIe, 81920 MiB
NVIDIA A100 80GB PCIe, 81920 MiB
Device: cuda
Aligned: 1673 cell lines × 2000 genes  (graph=gene_graph_bio.npz)
  fold 0  ep   1  loss 0.5842  val_loss 0.7188  val_auc 0.6287  val_f1 0.0645  lr 1.00e-03 *
  fold 0  ep   2  loss 0.5629  val_loss 0.6660  val_auc 0.6426  val_f1 0.6926  lr 1.00e-03 *
  fold 0  ep   5  loss 0.5488  val_loss 0.6526  val_auc 0.6788  val_f1 0.7459  lr 1.00e-03 *
  fold 0  ep  11  loss 0.5465  val_loss 0.6630  val_auc 0.6873  val_f1 0.7434  lr 1.00e-03 *
  fold 0  ep  12  loss 0.5439  val_loss 0.6423  val_auc 0.6923  val_f1 0.7273  lr 1.00e-03 *
  fold 0  ep  14  loss 0.5460  val_loss 0.6353  val_auc 0.6938  val_f1 0.7500  lr 1.00e-03 *
  fold 0  ep  17  loss 0.5387  val_loss 0.6353  val_auc 0.6997  val_f1 0.7433  lr 1.00e-03 *
  fold 0  ep  19  loss 0.5396  val_loss 0.7000  val_auc 0.7010  val_f1 0.7398  lr 1.00e-03 *
  fold 0  ep  20  loss 0.5647  val_loss 0.6455  val_auc 0.6699  val_f1 0.7054  lr 1.00e-03
  fold 0  ep  31  loss 0.5298  val_loss 0.6282  val_auc 0.7024  val_f1 0.7424  lr 5.00e-04 *
  fold 0  ep  32  loss 0.5300  val_loss 0.6283  val_auc 0.7027  val_f1 0.7437  lr 5.00e-04 *
  fold 0  ep  35  loss 0.5311  val_loss 0.6265  val_auc 0.7039  val_f1 0.7491  lr 5.00e-04 *
  fold 0  ep  40  loss 0.5327  val_loss 0.6708  val_auc 0.6969  val_f1 0.5684  lr 5.00e-04
  fold 0  ep  47  loss 0.5259  val_loss 0.6247  val_auc 0.7059  val_f1 0.7422  lr 2.50e-04 *
  fold 0  ep  49  loss 0.5237  val_loss 0.6280  val_auc 0.7083  val_f1 0.7456  lr 2.50e-04 *
  fold 0  ep  55  loss 0.5242  val_loss 0.6236  val_auc 0.7087  val_f1 0.7376  lr 2.50e-04 *
  fold 0  ep  58  loss 0.5261  val_loss 0.6242  val_auc 0.7088  val_f1 0.7422  lr 2.50e-04 *
  fold 0  ep  60  loss 0.5270  val_loss 0.6254  val_auc 0.7094  val_f1 0.7470  lr 2.50e-04 *
  fold 0  ep  63  loss 0.5259  val_loss 0.6388  val_auc 0.7102  val_f1 0.7123  lr 2.50e-04 *
  fold 0  ep  67  loss 0.5237  val_loss 0.6247  val_auc 0.7106  val_f1 0.7500  lr 2.50e-04 *
  fold 0  ep  71  loss 0.5219  val_loss 0.6181  val_auc 0.7132  val_f1 0.7328  lr 2.50e-04 *
  fold 0  ep  80  loss 0.5239  val_loss 0.6249  val_auc 0.7123  val_f1 0.7395  lr 2.50e-04
  fold 0  ep  83  loss 0.5210  val_loss 0.6203  val_auc 0.7145  val_f1 0.7470  lr 1.25e-04 *
  fold 0  ep  90  loss 0.5163  val_loss 0.6168  val_auc 0.7165  val_f1 0.7313  lr 1.25e-04 *
  fold 0  ep  95  loss 0.5229  val_loss 0.6159  val_auc 0.7184  val_f1 0.7413  lr 1.25e-04 *
  fold 0  ep 100  loss 0.5180  val_loss 0.6244  val_auc 0.7153  val_f1 0.7426  lr 1.25e-04
  fold 0  ep 107  loss 0.5197  val_loss 0.6280  val_auc 0.7186  val_f1 0.7249  lr 6.25e-05 *
  fold 0  ep 109  loss 0.5197  val_loss 0.6137  val_auc 0.7195  val_f1 0.7529  lr 6.25e-05 *
  fold 0  ep 115  loss 0.5168  val_loss 0.6173  val_auc 0.7199  val_f1 0.7550  lr 6.25e-05 *
  fold 0  ep 120  loss 0.5190  val_loss 0.6151  val_auc 0.7189  val_f1 0.7550  lr 6.25e-05
  fold 0  ep 129  loss 0.5173  val_loss 0.6172  val_auc 0.7211  val_f1 0.7611  lr 3.13e-05 *
  fold 0  ep 140  loss 0.5195  val_loss 0.6155  val_auc 0.7210  val_f1 0.7550  lr 3.13e-05
  fold 0  early stop at epoch 159  (best val_auc=0.7211)
fold 0  test  AUC=0.7296  PR-AUC=0.7903  F1=0.7329  Acc=0.6627
  fold 1  ep   1  loss 0.5604  val_loss 0.9479  val_auc 0.6534  val_f1 0.0000  lr 1.00e-03 *
  fold 1  ep   2  loss 0.5596  val_loss 0.7413  val_auc 0.6624  val_f1 0.0952  lr 1.00e-03 *
  fold 1  ep   4  loss 0.5498  val_loss 0.6472  val_auc 0.6686  val_f1 0.7241  lr 1.00e-03 *
  fold 1  ep   5  loss 0.5478  val_loss 0.7847  val_auc 0.6938  val_f1 0.0492  lr 1.00e-03 *
  fold 1  ep   7  loss 0.5435  val_loss 0.7779  val_auc 0.7035  val_f1 0.0488  lr 1.00e-03 *
  fold 1  ep  14  loss 0.5382  val_loss 0.6725  val_auc 0.7149  val_f1 0.4910  lr 1.00e-03 *
  fold 1  ep  15  loss 0.5407  val_loss 0.6818  val_auc 0.7184  val_f1 0.4250  lr 1.00e-03 *
  fold 1  ep  20  loss 0.5400  val_loss 0.7515  val_auc 0.7215  val_f1 0.1102  lr 1.00e-03 *
  fold 1  ep  29  loss 0.5313  val_loss 0.6946  val_auc 0.7284  val_f1 0.3922  lr 1.00e-03 *
  fold 1  ep  31  loss 0.5344  val_loss 0.7375  val_auc 0.7297  val_f1 0.2336  lr 1.00e-03 *
  fold 1  ep  36  loss 0.5387  val_loss 0.6260  val_auc 0.7319  val_f1 0.6445  lr 1.00e-03 *
  fold 1  ep  40  loss 0.5399  val_loss 0.6142  val_auc 0.7316  val_f1 0.7419  lr 1.00e-03
  fold 1  ep  45  loss 0.5327  val_loss 0.6909  val_auc 0.7399  val_f1 0.4204  lr 1.00e-03 *
  fold 1  ep  54  loss 0.5255  val_loss 0.7195  val_auc 0.7455  val_f1 0.2937  lr 1.00e-03 *
  fold 1  ep  60  loss 0.5336  val_loss 0.6083  val_auc 0.7434  val_f1 0.7143  lr 1.00e-03
  fold 1  ep  80  loss 0.5224  val_loss 0.6212  val_auc 0.6965  val_f1 0.7300  lr 2.50e-04
  fold 1  early stop at epoch 84  (best val_auc=0.7455)
fold 1  test  AUC=0.6939  PR-AUC=0.7439  F1=0.2857  Acc=0.4925
  fold 2  ep   1  loss 0.5723  val_loss 0.8825  val_auc 0.6322  val_f1 0.0000  lr 1.00e-03 *
  fold 2  ep   3  loss 0.5555  val_loss 0.7288  val_auc 0.7280  val_f1 0.1970  lr 1.00e-03 *
  fold 2  ep   4  loss 0.5579  val_loss 0.6444  val_auc 0.7312  val_f1 0.7336  lr 1.00e-03 *
  fold 2  ep  10  loss 0.5461  val_loss 0.6450  val_auc 0.7357  val_f1 0.6952  lr 1.00e-03 *
  fold 2  ep  19  loss 0.5387  val_loss 0.7331  val_auc 0.7367  val_f1 0.2500  lr 1.00e-03 *
  fold 2  ep  20  loss 0.5409  val_loss 0.8600  val_auc 0.6771  val_f1 0.0331  lr 1.00e-03
  fold 2  ep  22  loss 0.5375  val_loss 0.6134  val_auc 0.7388  val_f1 0.7339  lr 1.00e-03 *
  fold 2  ep  24  loss 0.5367  val_loss 0.6118  val_auc 0.7442  val_f1 0.7577  lr 1.00e-03 *
  fold 2  ep  25  loss 0.5488  val_loss 0.6165  val_auc 0.7452  val_f1 0.7280  lr 1.00e-03 *
  fold 2  ep  27  loss 0.5444  val_loss 0.6076  val_auc 0.7472  val_f1 0.7407  lr 1.00e-03 *
  fold 2  ep  28  loss 0.5359  val_loss 0.6207  val_auc 0.7479  val_f1 0.7232  lr 1.00e-03 *
  fold 2  ep  29  loss 0.5363  val_loss 0.6221  val_auc 0.7512  val_f1 0.7215  lr 1.00e-03 *
  fold 2  ep  31  loss 0.5318  val_loss 0.6122  val_auc 0.7521  val_f1 0.7257  lr 1.00e-03 *
  fold 2  ep  36  loss 0.5304  val_loss 0.6621  val_auc 0.7530  val_f1 0.5889  lr 1.00e-03 *
  fold 2  ep  40  loss 0.5335  val_loss 0.6078  val_auc 0.7292  val_f1 0.7099  lr 1.00e-03
  fold 2  ep  45  loss 0.5380  val_loss 0.6019  val_auc 0.7561  val_f1 0.7509  lr 1.00e-03 *
  fold 2  ep  48  loss 0.5366  val_loss 0.6049  val_auc 0.7610  val_f1 0.7350  lr 1.00e-03 *
  fold 2  ep  59  loss 0.5291  val_loss 0.6396  val_auc 0.7614  val_f1 0.6735  lr 1.00e-03 *
  fold 2  ep  60  loss 0.5326  val_loss 0.6147  val_auc 0.7485  val_f1 0.7297  lr 1.00e-03
  fold 2  ep  67  loss 0.5280  val_loss 0.6811  val_auc 0.7632  val_f1 0.4938  lr 1.00e-03 *
  fold 2  ep  80  loss 0.5249  val_loss 0.6538  val_auc 0.7657  val_f1 0.5889  lr 5.00e-04 *
  fold 2  ep  84  loss 0.5234  val_loss 0.6290  val_auc 0.7664  val_f1 0.6897  lr 5.00e-04 *
  fold 2  ep  89  loss 0.5274  val_loss 0.5897  val_auc 0.7711  val_f1 0.7460  lr 5.00e-04 *
  fold 2  ep  98  loss 0.5206  val_loss 0.5924  val_auc 0.7720  val_f1 0.7355  lr 5.00e-04 *
  fold 2  ep 100  loss 0.5209  val_loss 0.6224  val_auc 0.7457  val_f1 0.7450  lr 5.00e-04
  fold 2  ep 113  loss 0.5195  val_loss 0.6068  val_auc 0.7721  val_f1 0.7256  lr 2.50e-04 *
  fold 2  ep 116  loss 0.5170  val_loss 0.5905  val_auc 0.7754  val_f1 0.7386  lr 2.50e-04 *
  fold 2  ep 120  loss 0.5193  val_loss 0.6105  val_auc 0.7770  val_f1 0.7264  lr 2.50e-04 *
  fold 2  ep 138  loss 0.5146  val_loss 0.5884  val_auc 0.7812  val_f1 0.7350  lr 1.25e-04 *
  fold 2  ep 140  loss 0.5149  val_loss 0.5901  val_auc 0.7730  val_f1 0.7311  lr 1.25e-04
  fold 2  ep 160  loss 0.5078  val_loss 0.5801  val_auc 0.7791  val_f1 0.7449  lr 6.25e-05
  fold 2  early stop at epoch 168  (best val_auc=0.7812)
fold 2  test  AUC=0.7092  PR-AUC=0.7889  F1=0.6921  Acc=0.6388
  fold 3  ep   1  loss 0.5651  val_loss 0.7107  val_auc 0.5697  val_f1 0.6071  lr 1.00e-03 *
  fold 3  ep   2  loss 0.5556  val_loss 0.8079  val_auc 0.6082  val_f1 0.0000  lr 1.00e-03 *
  fold 3  ep   3  loss 0.5529  val_loss 0.6847  val_auc 0.6105  val_f1 0.5104  lr 1.00e-03 *
  fold 3  ep   5  loss 0.5461  val_loss 0.6810  val_auc 0.6354  val_f1 0.6220  lr 1.00e-03 *
  fold 3  ep   6  loss 0.5446  val_loss 0.6613  val_auc 0.6401  val_f1 0.7111  lr 1.00e-03 *
  fold 3  ep   8  loss 0.5430  val_loss 0.6780  val_auc 0.6426  val_f1 0.6753  lr 1.00e-03 *
  fold 3  ep  10  loss 0.5468  val_loss 0.6711  val_auc 0.6569  val_f1 0.7296  lr 1.00e-03 *
  fold 3  ep  15  loss 0.5395  val_loss 0.6657  val_auc 0.6606  val_f1 0.6667  lr 1.00e-03 *
  fold 3  ep  18  loss 0.5337  val_loss 0.6483  val_auc 0.6658  val_f1 0.6996  lr 1.00e-03 *
  fold 3  ep  20  loss 0.5345  val_loss 0.6782  val_auc 0.6496  val_f1 0.7224  lr 1.00e-03
  fold 3  ep  30  loss 0.5260  val_loss 0.6497  val_auc 0.6659  val_f1 0.6905  lr 5.00e-04 *
  fold 3  ep  31  loss 0.5303  val_loss 0.6410  val_auc 0.6667  val_f1 0.7168  lr 5.00e-04 *
  fold 3  ep  34  loss 0.5297  val_loss 0.6441  val_auc 0.6722  val_f1 0.7101  lr 5.00e-04 *
  fold 3  ep  40  loss 0.5225  val_loss 0.6613  val_auc 0.6726  val_f1 0.6667  lr 5.00e-04 *
  fold 3  ep  41  loss 0.5220  val_loss 0.6447  val_auc 0.6737  val_f1 0.6802  lr 5.00e-04 *
  fold 3  ep  53  loss 0.5191  val_loss 0.6403  val_auc 0.6756  val_f1 0.7266  lr 2.50e-04 *
  fold 3  ep  56  loss 0.5200  val_loss 0.6472  val_auc 0.6774  val_f1 0.6864  lr 2.50e-04 *
  fold 3  ep  58  loss 0.5216  val_loss 0.6369  val_auc 0.6817  val_f1 0.7077  lr 2.50e-04 *
  fold 3  ep  60  loss 0.5214  val_loss 0.6504  val_auc 0.6765  val_f1 0.7310  lr 2.50e-04
  fold 3  ep  72  loss 0.5177  val_loss 0.6360  val_auc 0.6829  val_f1 0.7273  lr 1.25e-04 *
  fold 3  ep  80  loss 0.5164  val_loss 0.6345  val_auc 0.6806  val_f1 0.7197  lr 1.25e-04
  fold 3  ep 100  loss 0.5123  val_loss 0.6344  val_auc 0.6787  val_f1 0.6773  lr 3.13e-05
  fold 3  early stop at epoch 102  (best val_auc=0.6829)
fold 3  test  AUC=0.7256  PR-AUC=0.7555  F1=0.7495  Acc=0.6557
  fold 4  ep   1  loss 0.5568  val_loss 0.8135  val_auc 0.6938  val_f1 0.0000  lr 1.00e-03 *
  fold 4  ep   6  loss 0.5423  val_loss 0.6570  val_auc 0.7002  val_f1 0.6667  lr 1.00e-03 *
  fold 4  ep   8  loss 0.5350  val_loss 0.6443  val_auc 0.7199  val_f1 0.6445  lr 1.00e-03 *
  fold 4  ep  17  loss 0.5414  val_loss 0.6613  val_auc 0.7221  val_f1 0.5914  lr 1.00e-03 *
  fold 4  ep  19  loss 0.5318  val_loss 0.7153  val_auc 0.7291  val_f1 0.3947  lr 1.00e-03 *
  fold 4  ep  20  loss 0.5299  val_loss 0.6485  val_auc 0.7174  val_f1 0.7468  lr 1.00e-03
  fold 4  ep  22  loss 0.5311  val_loss 0.6293  val_auc 0.7304  val_f1 0.6852  lr 1.00e-03 *
  fold 4  ep  23  loss 0.5295  val_loss 0.6817  val_auc 0.7314  val_f1 0.4815  lr 1.00e-03 *
  fold 4  ep  31  loss 0.5272  val_loss 0.6510  val_auc 0.7331  val_f1 0.6022  lr 1.00e-03 *
  fold 4  ep  33  loss 0.5352  val_loss 0.6981  val_auc 0.7336  val_f1 0.4654  lr 1.00e-03 *
  fold 4  ep  40  loss 0.5305  val_loss 0.7045  val_auc 0.7315  val_f1 0.4052  lr 1.00e-03
  fold 4  ep  41  loss 0.5326  val_loss 0.6805  val_auc 0.7355  val_f1 0.5091  lr 1.00e-03 *
  fold 4  ep  44  loss 0.5290  val_loss 0.6255  val_auc 0.7381  val_f1 0.6442  lr 1.00e-03 *
  fold 4  ep  45  loss 0.5295  val_loss 0.6102  val_auc 0.7420  val_f1 0.7510  lr 1.00e-03 *
  fold 4  ep  57  loss 0.5228  val_loss 0.6239  val_auc 0.7454  val_f1 0.6408  lr 5.00e-04 *
  fold 4  ep  60  loss 0.5177  val_loss 0.6206  val_auc 0.7478  val_f1 0.6635  lr 5.00e-04 *
  fold 4  ep  62  loss 0.5152  val_loss 0.6299  val_auc 0.7501  val_f1 0.6289  lr 5.00e-04 *
  fold 4  ep  69  loss 0.5181  val_loss 0.6593  val_auc 0.7528  val_f1 0.5444  lr 5.00e-04 *
  fold 4  ep  80  loss 0.5166  val_loss 0.6234  val_auc 0.7520  val_f1 0.6567  lr 5.00e-04
  fold 4  ep  84  loss 0.5114  val_loss 0.6362  val_auc 0.7532  val_f1 0.6054  lr 2.50e-04 *
  fold 4  ep  89  loss 0.5147  val_loss 0.6355  val_auc 0.7551  val_f1 0.6421  lr 2.50e-04 *
  fold 4  ep  91  loss 0.5133  val_loss 0.6040  val_auc 0.7552  val_f1 0.7321  lr 2.50e-04 *
  fold 4  ep  92  loss 0.5124  val_loss 0.6336  val_auc 0.7554  val_f1 0.6349  lr 2.50e-04 *
  fold 4  ep  93  loss 0.5104  val_loss 0.6172  val_auc 0.7566  val_f1 0.6699  lr 2.50e-04 *
  fold 4  ep  98  loss 0.5121  val_loss 0.6051  val_auc 0.7574  val_f1 0.6849  lr 2.50e-04 *
  fold 4  ep 100  loss 0.5145  val_loss 0.6058  val_auc 0.7336  val_f1 0.7490  lr 2.50e-04
  fold 4  ep 107  loss 0.5104  val_loss 0.6169  val_auc 0.7605  val_f1 0.6699  lr 2.50e-04 *
  fold 4  ep 120  loss 0.5096  val_loss 0.6010  val_auc 0.7583  val_f1 0.7289  lr 1.25e-04
  fold 4  ep 123  loss 0.5046  val_loss 0.6189  val_auc 0.7613  val_f1 0.6634  lr 1.25e-04 *
  fold 4  ep 131  loss 0.5063  val_loss 0.6271  val_auc 0.7614  val_f1 0.6354  lr 1.25e-04 *
  fold 4  ep 133  loss 0.5082  val_loss 0.6154  val_auc 0.7626  val_f1 0.6700  lr 1.25e-04 *
  fold 4  ep 140  loss 0.5067  val_loss 0.6174  val_auc 0.7633  val_f1 0.6700  lr 1.25e-04 *
  fold 4  ep 141  loss 0.5052  val_loss 0.6149  val_auc 0.7642  val_f1 0.6700  lr 1.25e-04 *
  fold 4  ep 145  loss 0.5080  val_loss 0.6423  val_auc 0.7652  val_f1 0.5967  lr 1.25e-04 *
  fold 4  ep 149  loss 0.5071  val_loss 0.5971  val_auc 0.7654  val_f1 0.7162  lr 1.25e-04 *
  fold 4  ep 152  loss 0.5079  val_loss 0.6079  val_auc 0.7656  val_f1 0.6699  lr 1.25e-04 *
  fold 4  ep 159  loss 0.5008  val_loss 0.6033  val_auc 0.7677  val_f1 0.7130  lr 1.25e-04 *
  fold 4  ep 160  loss 0.5071  val_loss 0.6248  val_auc 0.7668  val_f1 0.6599  lr 1.25e-04
  fold 4  ep 163  loss 0.5057  val_loss 0.5919  val_auc 0.7697  val_f1 0.7304  lr 1.25e-04 *
  fold 4  ep 167  loss 0.5041  val_loss 0.5879  val_auc 0.7700  val_f1 0.7603  lr 1.25e-04 *
  fold 4  ep 171  loss 0.5018  val_loss 0.6084  val_auc 0.7705  val_f1 0.6732  lr 1.25e-04 *
  fold 4  ep 173  loss 0.5015  val_loss 0.5963  val_auc 0.7714  val_f1 0.7143  lr 1.25e-04 *
  fold 4  ep 174  loss 0.5027  val_loss 0.5988  val_auc 0.7723  val_f1 0.7248  lr 1.25e-04 *
  fold 4  ep 180  loss 0.5083  val_loss 0.6150  val_auc 0.7661  val_f1 0.6700  lr 1.25e-04
  fold 4  ep 200  loss 0.5058  val_loss 0.5879  val_auc 0.7616  val_f1 0.7469  lr 3.13e-05
  fold 4  early stop at epoch 204  (best val_auc=0.7723)
fold 4  test  AUC=0.7037  PR-AUC=0.7377  F1=0.7147  Acc=0.6796

GCN run='v2_bio'  graph=gene_graph_bio.npz  feat=expr_zscore
    accuracy: 0.6259 ± 0.0679
   precision: 0.7243 ± 0.0610
      recall: 0.6398 ± 0.2439
          f1: 0.6350 ± 0.1757
     roc_auc: 0.7124 ± 0.0134
      pr_auc: 0.7632 ± 0.0222
Models found (6): ['XGBoost', 'GCN[baseline]', 'GCN[v2_bio]', 'GCN[v2_thr05]', 'GCN[v2_thr07]', 'GCN[v2_topk10]']
Common cell lines for comparison: 1673

=== Graph stats ===
            graph  n_genes  edges_undirected  avg_degree      mode  threshold  top_k
   gene_graph_bio     2000              1851        1.85       bio      700.0    0.0
gene_graph_hybrid     2000             61183       61.18    hybrid      700.0    0.0
 gene_graph_thr05     2000             59701       59.70 threshold        0.5    NaN
 gene_graph_thr07     2000              2556        2.56 threshold        0.7   10.0
gene_graph_topk10     2000             18131       18.13      topk        0.5   10.0

=== OOF metrics (n = 1673 ) ===
                accuracy  precision  recall      f1  roc_auc  pr_auc
XGBoost           0.8470     0.8430  0.9097  0.8751   0.9064  0.9086
GCN[baseline]     0.5953     0.6084  0.8793  0.7192   0.6247  0.7052
GCN[v2_bio]       0.6258     0.6996  0.6400  0.6684   0.6784  0.7404
GCN[v2_thr05]     0.6641     0.7195  0.7049  0.7121   0.7009  0.7510
GCN[v2_thr07]     0.6629     0.6675  0.8529  0.7489   0.7066  0.7588
GCN[v2_topk10]    0.6461     0.7456  0.6065  0.6689   0.7040  0.7582

Plots saved → /mnt/beegfsstudents/home/3415496/tp53-mutation-predictor/data/processed/plots
